[2020-09-06T08:12:29.258] [DEBUG] cheese - login => username:25,password:123456
[2020-09-06T08:12:29.259] [DEBUG] cheese - 25
[2020-09-06T08:12:29.268] [DEBUG] cheese - null
[2020-09-06T08:12:29.268] [DEBUG] cheese - null
[2020-09-06T08:14:32.241] [DEBUG] cheese - login => username:admin,password:123456
[2020-09-06T08:14:32.241] [DEBUG] cheese - admin
[2020-09-06T08:14:32.245] [DEBUG] cheese - null
[2020-09-06T08:14:32.245] [DEBUG] cheese - null
[2020-09-22T14:33:41.395] [DEBUG] cheese - login => username:admin,password:123456
[2020-09-22T14:33:41.396] [DEBUG] cheese - admin
[2020-09-22T14:33:41.413] [DEBUG] cheese - null
[2020-09-22T14:33:41.413] [DEBUG] cheese - null
[2020-10-20T09:04:25.089] [DEBUG] cheese - login => username:qwqwd,password:121314
[2020-10-20T09:04:25.090] [DEBUG] cheese - qwqwd
[2020-10-20T09:04:25.103] [DEBUG] cheese - null
[2020-10-20T09:04:25.104] [DEBUG] cheese - null
[2020-10-20T09:07:25.468] [DEBUG] cheese - login => username:企鹅窝热若,password:1231224
[2020-10-20T09:07:25.468] [DEBUG] cheese - 企鹅窝热若
[2020-10-20T09:07:25.470] [DEBUG] cheese - null
[2020-10-20T09:07:25.470] [DEBUG] cheese - null
[2020-10-20T09:47:44.169] [DEBUG] cheese - login => username:维吾尔,password:132132
[2020-10-20T09:47:44.169] [DEBUG] cheese - 维吾尔
[2020-10-20T09:47:44.171] [DEBUG] cheese - null
[2020-10-20T09:47:44.171] [DEBUG] cheese - null
[2020-10-20T09:47:46.439] [DEBUG] cheese - login => username:维吾尔,password:132132
[2020-10-20T09:47:46.439] [DEBUG] cheese - 维吾尔
[2020-10-20T09:47:46.441] [DEBUG] cheese - null
[2020-10-20T09:47:46.441] [DEBUG] cheese - null
[2020-10-20T09:47:48.318] [DEBUG] cheese - login => username:维吾尔,password:132132
[2020-10-20T09:47:48.318] [DEBUG] cheese - 维吾尔
[2020-10-20T09:47:48.320] [DEBUG] cheese - null
[2020-10-20T09:47:48.320] [DEBUG] cheese - null
[2020-10-20T09:47:50.969] [DEBUG] cheese - login => username:维吾尔,password:132132
[2020-10-20T09:47:50.969] [DEBUG] cheese - 维吾尔
[2020-10-20T09:47:50.971] [DEBUG] cheese - null
[2020-10-20T09:47:50.971] [DEBUG] cheese - null
[2020-10-20T09:47:53.231] [DEBUG] cheese - login => username:维吾尔,password:132132
[2020-10-20T09:47:53.231] [DEBUG] cheese - 维吾尔
[2020-10-20T09:47:53.233] [DEBUG] cheese - null
[2020-10-20T09:47:53.233] [DEBUG] cheese - null
[2020-10-20T10:28:45.092] [DEBUG] cheese - login => username:admin,password:123456
[2020-10-20T10:28:45.092] [DEBUG] cheese - admin
[2020-10-20T10:28:45.096] [DEBUG] cheese - null
[2020-10-20T10:28:45.096] [DEBUG] cheese - null
[2020-10-20T10:32:37.676] [DEBUG] cheese - login => username:admin,password:123456
[2020-10-20T10:32:37.676] [DEBUG] cheese - admin
[2020-10-20T10:32:37.678] [DEBUG] cheese - null
[2020-10-20T10:32:37.678] [DEBUG] cheese - null
[2020-10-20T10:52:44.763] [DEBUG] cheese - login => username:admin,password:123456
[2020-10-20T10:52:44.763] [DEBUG] cheese - admin
[2020-10-20T10:52:44.765] [DEBUG] cheese - null
[2020-10-20T10:52:44.765] [DEBUG] cheese - null
[2020-10-20T10:52:49.460] [DEBUG] cheese - login => username:admin,password:123456
[2020-10-20T10:52:49.460] [DEBUG] cheese - admin
[2020-10-20T10:52:49.462] [DEBUG] cheese - null
[2020-10-20T10:52:49.462] [DEBUG] cheese - null
[2020-10-20T10:52:52.382] [DEBUG] cheese - login => username:admin,password:123456
[2020-10-20T10:52:52.382] [DEBUG] cheese - admin
[2020-10-20T10:52:52.383] [DEBUG] cheese - null
[2020-10-20T10:52:52.383] [DEBUG] cheese - null
[2020-10-20T10:52:54.581] [DEBUG] cheese - login => username:admin,password:123456
[2020-10-20T10:52:54.581] [DEBUG] cheese - admin
[2020-10-20T10:52:54.583] [DEBUG] cheese - null
[2020-10-20T10:52:54.583] [DEBUG] cheese - null
[2020-10-20T10:54:34.688] [DEBUG] cheese - login => username:admin,password:123456
[2020-10-20T10:54:34.688] [DEBUG] cheese - admin
[2020-10-20T10:54:34.690] [DEBUG] cheese - null
[2020-10-20T10:54:34.690] [DEBUG] cheese - null
[2020-10-20T10:54:35.895] [DEBUG] cheese - login => username:admin,password:123456
[2020-10-20T10:54:35.895] [DEBUG] cheese - admin
[2020-10-20T10:54:35.898] [DEBUG] cheese - null
[2020-10-20T10:54:35.898] [DEBUG] cheese - null
[2020-10-20T10:55:00.896] [DEBUG] cheese - login => username:admin,password:123456
[2020-10-20T10:55:00.896] [DEBUG] cheese - admin
[2020-10-20T10:55:00.898] [DEBUG] cheese - null
[2020-10-20T10:55:00.898] [DEBUG] cheese - null
[2020-10-20T11:00:04.119] [DEBUG] cheese - login => username:admin,password:123456
[2020-10-20T11:00:04.119] [DEBUG] cheese - admin
[2020-10-20T11:00:04.121] [DEBUG] cheese - null
[2020-10-20T11:00:04.121] [DEBUG] cheese - null
[2020-10-20T11:07:02.316] [DEBUG] cheese - login => username:admin,password:123456
[2020-10-20T11:07:02.316] [DEBUG] cheese - admin
[2020-10-20T11:07:02.318] [DEBUG] cheese - null
[2020-10-20T11:07:02.318] [DEBUG] cheese - null
[2020-10-20T11:07:06.254] [DEBUG] cheese - login => username:admin,password:123456
[2020-10-20T11:07:06.254] [DEBUG] cheese - admin
[2020-10-20T11:07:06.256] [DEBUG] cheese - null
[2020-10-20T11:07:06.256] [DEBUG] cheese - null
[2020-10-20T11:08:20.615] [DEBUG] cheese - login => username:admin,password:123456
[2020-10-20T11:08:20.615] [DEBUG] cheese - admin
[2020-10-20T11:08:20.617] [DEBUG] cheese - null
[2020-10-20T11:08:20.618] [DEBUG] cheese - null
[2020-10-20T11:08:21.573] [DEBUG] cheese - login => username:admin,password:123456
[2020-10-20T11:08:21.573] [DEBUG] cheese - admin
[2020-10-20T11:08:21.576] [DEBUG] cheese - null
[2020-10-20T11:08:21.576] [DEBUG] cheese - null
[2020-10-20T11:08:22.254] [DEBUG] cheese - login => username:admin,password:123456
[2020-10-20T11:08:22.254] [DEBUG] cheese - admin
[2020-10-20T11:08:22.256] [DEBUG] cheese - null
[2020-10-20T11:08:22.256] [DEBUG] cheese - null
[2020-10-20T11:08:22.983] [DEBUG] cheese - login => username:admin,password:123456
[2020-10-20T11:08:22.984] [DEBUG] cheese - admin
[2020-10-20T11:08:22.985] [DEBUG] cheese - null
[2020-10-20T11:08:22.985] [DEBUG] cheese - null
[2020-10-20T11:10:50.246] [DEBUG] cheese - login => username:admin,password:123456
[2020-10-20T11:10:50.246] [DEBUG] cheese - admin
[2020-10-20T11:10:50.247] [DEBUG] cheese - null
[2020-10-20T11:10:50.247] [DEBUG] cheese - null
[2020-10-20T11:22:41.927] [DEBUG] cheese - login => username:admin,password:123456
[2020-10-20T11:22:41.928] [DEBUG] cheese - admin
[2020-10-20T11:22:41.929] [DEBUG] cheese - null
[2020-10-20T11:22:41.929] [DEBUG] cheese - null
[2020-10-20T11:46:01.075] [DEBUG] cheese - login => username:admin,password:123456
[2020-10-20T11:46:01.075] [DEBUG] cheese - admin
[2020-10-20T11:46:01.077] [DEBUG] cheese - null
[2020-10-20T11:46:01.077] [DEBUG] cheese - null
[2020-10-20T12:02:54.907] [DEBUG] cheese - login => username:admin,password:123456
[2020-10-20T12:02:54.907] [DEBUG] cheese - admin
[2020-10-20T12:02:54.908] [DEBUG] cheese - null
[2020-10-20T12:02:54.908] [DEBUG] cheese - null
[2020-10-20T13:01:11.444] [DEBUG] cheese - login => username:admin,password:123456
[2020-10-20T13:01:11.444] [DEBUG] cheese - admin
[2020-10-20T13:01:11.446] [DEBUG] cheese - null
[2020-10-20T13:01:11.446] [DEBUG] cheese - null
[2020-10-20T13:03:56.824] [DEBUG] cheese - login => username:admin,password:123456
[2020-10-20T13:03:56.824] [DEBUG] cheese - admin
[2020-10-20T13:03:56.826] [DEBUG] cheese - null
[2020-10-20T13:03:56.826] [DEBUG] cheese - null
[2020-10-20T18:12:41.477] [DEBUG] cheese - login => username:admin,password:123456
[2020-10-20T18:12:41.477] [DEBUG] cheese - admin
[2020-10-20T18:12:41.478] [DEBUG] cheese - null
[2020-10-20T18:12:41.479] [DEBUG] cheese - null
[2020-10-20T23:36:27.649] [DEBUG] cheese - login => username:admin,password:123456
[2020-10-20T23:36:27.649] [DEBUG] cheese - admin
[2020-10-20T23:36:27.651] [DEBUG] cheese - null
[2020-10-20T23:36:27.651] [DEBUG] cheese - null
[2020-10-20T23:44:50.349] [DEBUG] cheese - login => username:admin,password:123456
[2020-10-20T23:44:50.349] [DEBUG] cheese - admin
[2020-10-20T23:44:50.351] [DEBUG] cheese - null
[2020-10-20T23:44:50.351] [DEBUG] cheese - null
[2020-10-20T23:46:31.701] [DEBUG] cheese - login => username:admin,password:123456
[2020-10-20T23:46:31.702] [DEBUG] cheese - admin
[2020-10-20T23:46:31.703] [DEBUG] cheese - null
[2020-10-20T23:46:31.703] [DEBUG] cheese - null
[2020-10-22T01:27:46.991] [DEBUG] cheese - login => username:admin,password:123456
[2020-10-22T01:27:46.991] [DEBUG] cheese - admin
[2020-10-22T01:27:46.996] [DEBUG] cheese - null
[2020-10-22T01:27:46.996] [DEBUG] cheese - null
[2021-08-11T17:44:57.070] [DEBUG] cheese - login => username:zs,password:123456
[2021-08-11T17:44:57.071] [DEBUG] cheese - zs
[2021-08-11T17:44:57.080] [DEBUG] cheese - null
[2021-08-11T17:44:57.080] [DEBUG] cheese - null
[2021-08-11T17:45:36.349] [DEBUG] cheese - login => username:admin,password:123456
[2021-08-11T17:45:36.349] [DEBUG] cheese - admin
[2021-08-11T17:45:36.354] [DEBUG] cheese - null
[2021-08-11T17:45:36.354] [DEBUG] cheese - null
[2021-08-13T13:24:29.562] [DEBUG] cheese - login => username:qwww,password:qwwweeeee
[2021-08-13T13:24:29.563] [DEBUG] cheese - qwww
[2021-08-13T13:24:29.578] [DEBUG] cheese - null
[2021-08-13T13:24:29.578] [DEBUG] cheese - null
[2021-08-13T13:27:05.188] [DEBUG] cheese - login => username:12133,password:1222222
[2021-08-13T13:27:05.188] [DEBUG] cheese - 12133
[2021-08-13T13:27:05.191] [DEBUG] cheese - null
[2021-08-13T13:27:05.191] [DEBUG] cheese - null
[2021-08-13T13:27:24.916] [DEBUG] cheese - login => username:admin,password:123456
[2021-08-13T13:27:24.916] [DEBUG] cheese - admin
[2021-08-13T13:27:24.919] [DEBUG] cheese - null
[2021-08-13T13:27:24.919] [DEBUG] cheese - null
[2021-08-13T13:37:38.766] [DEBUG] cheese - login => username:admin,password:123456
[2021-08-13T13:37:38.766] [DEBUG] cheese - admin
[2021-08-13T13:37:38.768] [DEBUG] cheese - null
[2021-08-13T13:37:38.768] [DEBUG] cheese - null
[2021-08-13T13:37:53.085] [DEBUG] cheese - login => username:ddff,password:sdddddd
[2021-08-13T13:37:53.085] [DEBUG] cheese - ddff
[2021-08-13T13:37:53.087] [DEBUG] cheese - null
[2021-08-13T13:37:53.087] [DEBUG] cheese - null
[2021-08-13T13:37:58.581] [DEBUG] cheese - login => username:ddff,password:sdddddd
[2021-08-13T13:37:58.581] [DEBUG] cheese - ddff
[2021-08-13T13:37:58.582] [DEBUG] cheese - null
[2021-08-13T13:37:58.582] [DEBUG] cheese - null
[2021-08-13T13:37:59.721] [DEBUG] cheese - login => username:ddff,password:sdddddd
[2021-08-13T13:37:59.721] [DEBUG] cheese - ddff
[2021-08-13T13:37:59.723] [DEBUG] cheese - null
[2021-08-13T13:37:59.723] [DEBUG] cheese - null
[2021-08-13T13:38:00.611] [DEBUG] cheese - login => username:ddff,password:sdddddd
[2021-08-13T13:38:00.611] [DEBUG] cheese - ddff
[2021-08-13T13:38:00.613] [DEBUG] cheese - null
[2021-08-13T13:38:00.613] [DEBUG] cheese - null
[2021-08-13T13:38:02.452] [DEBUG] cheese - login => username:ddff,password:sdddddd
[2021-08-13T13:38:02.452] [DEBUG] cheese - ddff
[2021-08-13T13:38:02.454] [DEBUG] cheese - null
[2021-08-13T13:38:02.454] [DEBUG] cheese - null
[2021-08-13T13:39:16.356] [DEBUG] cheese - login => username:asdfd,password:ddfffff
[2021-08-13T13:39:16.356] [DEBUG] cheese - asdfd
[2021-08-13T13:39:16.357] [DEBUG] cheese - null
[2021-08-13T13:39:16.357] [DEBUG] cheese - null
[2021-08-13T13:46:56.103] [DEBUG] cheese - login => username:admin,password:123456
[2021-08-13T13:46:56.103] [DEBUG] cheese - admin
[2021-08-13T13:46:56.105] [DEBUG] cheese - null
[2021-08-13T13:46:56.105] [DEBUG] cheese - null
[2021-08-13T13:50:38.527] [DEBUG] cheese - login => username:admin,password:123456
[2021-08-13T13:50:38.527] [DEBUG] cheese - admin
[2021-08-13T13:50:38.529] [DEBUG] cheese - null
[2021-08-13T13:50:38.529] [DEBUG] cheese - null
[2021-08-13T14:00:54.279] [DEBUG] cheese - login => username:admin,password:123456
[2021-08-13T14:00:54.279] [DEBUG] cheese - admin
[2021-08-13T14:00:54.281] [DEBUG] cheese - null
[2021-08-13T14:00:54.281] [DEBUG] cheese - null
[2021-08-13T14:42:03.754] [DEBUG] cheese - login => username:admin,password:123456
[2021-08-13T14:42:03.754] [DEBUG] cheese - admin
[2021-08-13T14:42:03.756] [DEBUG] cheese - null
[2021-08-13T14:42:03.756] [DEBUG] cheese - null
[2021-08-13T14:42:07.764] [DEBUG] cheese - login => username:admin,password:123456
[2021-08-13T14:42:07.764] [DEBUG] cheese - admin
[2021-08-13T14:42:07.766] [DEBUG] cheese - null
[2021-08-13T14:42:07.766] [DEBUG] cheese - null
[2021-08-13T14:42:10.055] [DEBUG] cheese - login => username:admin,password:123456
[2021-08-13T14:42:10.055] [DEBUG] cheese - admin
[2021-08-13T14:42:10.057] [DEBUG] cheese - null
[2021-08-13T14:42:10.057] [DEBUG] cheese - null
[2021-08-13T14:42:12.157] [DEBUG] cheese - login => username:admin,password:123456
[2021-08-13T14:42:12.157] [DEBUG] cheese - admin
[2021-08-13T14:42:12.159] [DEBUG] cheese - null
[2021-08-13T14:42:12.159] [DEBUG] cheese - null
[2021-08-13T14:42:15.079] [DEBUG] cheese - login => username:admin,password:123456
[2021-08-13T14:42:15.079] [DEBUG] cheese - admin
[2021-08-13T14:42:15.081] [DEBUG] cheese - null
[2021-08-13T14:42:15.081] [DEBUG] cheese - null
[2021-08-13T14:42:16.909] [DEBUG] cheese - login => username:admin,password:123456
[2021-08-13T14:42:16.909] [DEBUG] cheese - admin
[2021-08-13T14:42:16.911] [DEBUG] cheese - null
[2021-08-13T14:42:16.911] [DEBUG] cheese - null
[2021-08-13T14:42:35.192] [DEBUG] cheese - login => username:admin,password:123456
[2021-08-13T14:42:35.192] [DEBUG] cheese - admin
[2021-08-13T14:42:35.194] [DEBUG] cheese - null
[2021-08-13T14:42:35.194] [DEBUG] cheese - null
[2021-08-13T14:42:37.596] [DEBUG] cheese - login => username:admin,password:123456
[2021-08-13T14:42:37.596] [DEBUG] cheese - admin
[2021-08-13T14:42:37.597] [DEBUG] cheese - null
[2021-08-13T14:42:37.598] [DEBUG] cheese - null
[2021-08-13T14:42:39.158] [DEBUG] cheese - login => username:admin,password:123456
[2021-08-13T14:42:39.158] [DEBUG] cheese - admin
[2021-08-13T14:42:39.159] [DEBUG] cheese - null
[2021-08-13T14:42:39.159] [DEBUG] cheese - null
[2021-08-13T14:42:40.733] [DEBUG] cheese - login => username:admin,password:123456
[2021-08-13T14:42:40.733] [DEBUG] cheese - admin
[2021-08-13T14:42:40.735] [DEBUG] cheese - null
[2021-08-13T14:42:40.735] [DEBUG] cheese - null
[2021-08-13T14:42:42.252] [DEBUG] cheese - login => username:admin,password:123456
[2021-08-13T14:42:42.252] [DEBUG] cheese - admin
[2021-08-13T14:42:42.255] [DEBUG] cheese - null
[2021-08-13T14:42:42.255] [DEBUG] cheese - null
[2021-08-13T15:42:37.869] [DEBUG] cheese - login => username:admin,password:123456
[2021-08-13T15:42:37.869] [DEBUG] cheese - admin
[2021-08-13T15:42:37.871] [DEBUG] cheese - null
[2021-08-13T15:42:37.871] [DEBUG] cheese - null
[2021-08-13T16:05:31.725] [DEBUG] cheese - login => username:admin,password:123456
[2021-08-13T16:05:31.725] [DEBUG] cheese - admin
[2021-08-13T16:05:31.727] [DEBUG] cheese - null
[2021-08-13T16:05:31.727] [DEBUG] cheese - null
[2021-08-13T16:15:42.588] [DEBUG] cheese - login => username:admin,password:123456
[2021-08-13T16:15:42.588] [DEBUG] cheese - admin
[2021-08-13T16:15:42.590] [DEBUG] cheese - null
[2021-08-13T16:15:42.590] [DEBUG] cheese - null
[2021-08-13T16:50:27.687] [DEBUG] cheese - login => username:admin,password:123456
[2021-08-13T16:50:27.687] [DEBUG] cheese - admin
[2021-08-13T16:50:27.690] [DEBUG] cheese - null
[2021-08-13T16:50:27.690] [DEBUG] cheese - null
[2021-08-13T19:05:04.563] [DEBUG] cheese - login => username:admin,password:123456
[2021-08-13T19:05:04.563] [DEBUG] cheese - admin
[2021-08-13T19:05:04.565] [DEBUG] cheese - null
[2021-08-13T19:05:04.565] [DEBUG] cheese - null
[2021-08-13T19:33:06.779] [DEBUG] cheese - login => username:admin,password:123456
[2021-08-13T19:33:06.779] [DEBUG] cheese - admin
[2021-08-13T19:33:06.781] [DEBUG] cheese - null
[2021-08-13T19:33:06.781] [DEBUG] cheese - null
[2021-08-13T19:35:21.538] [DEBUG] cheese - login => username:admin,password:123456
[2021-08-13T19:35:21.538] [DEBUG] cheese - admin
[2021-08-13T19:35:21.540] [DEBUG] cheese - null
[2021-08-13T19:35:21.540] [DEBUG] cheese - null
[2021-08-13T19:37:00.227] [DEBUG] cheese - login => username:admin,password:123456
[2021-08-13T19:37:00.227] [DEBUG] cheese - admin
[2021-08-13T19:37:00.229] [DEBUG] cheese - null
[2021-08-13T19:37:00.229] [DEBUG] cheese - null
[2021-08-13T21:12:27.896] [DEBUG] cheese - login => username:admin,password:123456
[2021-08-13T21:12:27.896] [DEBUG] cheese - admin
[2021-08-13T21:12:27.898] [DEBUG] cheese - null
[2021-08-13T21:12:27.898] [DEBUG] cheese - null
[2021-08-13T22:08:34.588] [DEBUG] cheese - login => username:admin,password:123456
[2021-08-13T22:08:34.589] [DEBUG] cheese - admin
[2021-08-13T22:08:34.606] [DEBUG] cheese - null
[2021-08-13T22:08:34.606] [DEBUG] cheese - null
[2021-08-14T15:19:43.965] [DEBUG] cheese - login => username:admin,password:12345
[2021-08-14T15:19:43.966] [DEBUG] cheese - admin
[2021-08-14T15:19:43.969] [DEBUG] cheese - null
[2021-08-14T15:19:43.969] [DEBUG] cheese - null
[2021-08-14T15:19:46.440] [DEBUG] cheese - login => username:admin,password:123456
[2021-08-14T15:19:46.440] [DEBUG] cheese - admin
[2021-08-14T15:19:46.443] [DEBUG] cheese - null
[2021-08-14T15:19:46.444] [DEBUG] cheese - null
[2021-08-15T19:53:01.975] [DEBUG] cheese - login => username:admin,password:123456
[2021-08-15T19:53:01.976] [DEBUG] cheese - admin
[2021-08-15T19:53:01.991] [DEBUG] cheese - null
[2021-08-15T19:53:01.992] [DEBUG] cheese - null
[2021-08-16T17:25:42.498] [DEBUG] cheese - null
[2021-08-16T17:25:45.527] [DEBUG] cheese - null
[2021-08-16T17:32:01.449] [DEBUG] cheese - null
[2021-08-16T17:32:04.530] [DEBUG] cheese - null
[2021-08-16T17:32:06.337] [DEBUG] cheese - null
[2021-08-16T17:32:18.331] [DEBUG] cheese - null
[2021-08-16T17:32:34.225] [DEBUG] cheese - null
[2021-08-16T17:33:28.388] [DEBUG] cheese - null
[2021-08-16T17:37:14.098] [DEBUG] cheese - null
[2021-08-16T17:40:22.748] [DEBUG] cheese - null
[2021-08-16T17:42:57.357] [DEBUG] cheese - null
[2021-08-16T17:43:03.050] [DEBUG] cheese - null
[2021-08-16T19:19:56.240] [DEBUG] cheese - null
[2021-08-16T19:19:58.294] [DEBUG] cheese - null
[2021-08-16T19:55:05.534] [DEBUG] cheese - login => username:admin,password:123456
[2021-08-16T19:55:05.535] [DEBUG] cheese - admin
[2021-08-16T19:55:05.544] [DEBUG] cheese - null
[2021-08-16T19:55:05.545] [DEBUG] cheese - null
[2021-08-16T19:56:03.290] [DEBUG] cheese - null
[2021-08-16T19:56:05.079] [DEBUG] cheese - null
[2021-08-16T19:56:06.730] [DEBUG] cheese - null
[2021-08-16T20:00:43.704] [DEBUG] cheese - null
[2021-08-16T20:00:48.079] [DEBUG] cheese - null
[2021-08-16T20:00:51.975] [DEBUG] cheese - null
[2021-08-16T20:00:55.167] [DEBUG] cheese - null
[2021-08-16T20:56:23.204] [DEBUG] cheese - login => username:admin,password:123456
[2021-08-16T20:56:23.204] [DEBUG] cheese - admin
[2021-08-16T20:56:23.206] [DEBUG] cheese - null
[2021-08-16T20:56:23.206] [DEBUG] cheese - null
[2021-08-16T22:39:06.953] [DEBUG] cheese - login => username:admin,password:123456
[2021-08-16T22:39:06.953] [DEBUG] cheese - admin
[2021-08-16T22:39:06.955] [DEBUG] cheese - null
[2021-08-16T22:39:06.955] [DEBUG] cheese - null
[2021-08-18T14:06:36.223] [DEBUG] cheese - login => username:admin,password:123456
[2021-08-18T14:06:36.224] [DEBUG] cheese - admin
[2021-08-18T14:06:36.229] [DEBUG] cheese - null
[2021-08-18T14:06:36.229] [DEBUG] cheese - null
[2021-08-19T14:07:46.471] [DEBUG] cheese - login => username:admin,password:123456
[2021-08-19T14:07:46.472] [DEBUG] cheese - admin
[2021-08-19T14:07:46.477] [DEBUG] cheese - null
[2021-08-19T14:07:46.477] [DEBUG] cheese - null
[2021-08-20T14:46:56.909] [DEBUG] cheese - login => username:admin,password:123456
[2021-08-20T14:46:56.911] [DEBUG] cheese - admin
[2021-08-20T14:46:56.917] [DEBUG] cheese - null
[2021-08-20T14:46:56.918] [DEBUG] cheese - null
[2021-08-22T12:18:39.634] [DEBUG] cheese - login => username:admin,password:123456
[2021-08-22T12:18:39.639] [DEBUG] cheese - admin
[2021-08-22T12:18:39.659] [DEBUG] cheese - null
[2021-08-22T12:18:39.659] [DEBUG] cheese - null
[2021-08-23T11:33:12.335] [DEBUG] cheese - login => username:admin,password:123456
[2021-08-23T11:33:12.342] [DEBUG] cheese - admin
[2021-08-23T11:33:12.367] [DEBUG] cheese - null
[2021-08-23T11:33:12.368] [DEBUG] cheese - null
[2021-08-23T11:52:56.413] [DEBUG] cheese - login => username:admin,password:123456
[2021-08-23T11:52:56.415] [DEBUG] cheese - admin
[2021-08-23T11:52:56.419] [DEBUG] cheese - null
[2021-08-23T11:52:56.419] [DEBUG] cheese - null
[2021-08-23T12:03:20.986] [DEBUG] cheese - login => username:admin,password:123456
[2021-08-23T12:03:20.987] [DEBUG] cheese - admin
[2021-08-23T12:03:20.990] [DEBUG] cheese - null
[2021-08-23T12:03:20.990] [DEBUG] cheese - null
[2021-08-23T12:57:14.108] [DEBUG] cheese - null
[2021-08-23T15:10:12.326] [DEBUG] cheese - login => username:admin,password:123456
[2021-08-23T15:10:12.327] [DEBUG] cheese - admin
[2021-08-23T15:10:12.338] [DEBUG] cheese - null
[2021-08-23T15:10:12.338] [DEBUG] cheese - null
[2021-08-23T15:21:17.763] [DEBUG] cheese - login => username:admin,password:123456
[2021-08-23T15:21:17.764] [DEBUG] cheese - admin
[2021-08-23T15:21:17.773] [DEBUG] cheese - null
[2021-08-23T15:21:17.773] [DEBUG] cheese - null
[2021-08-23T16:19:24.917] [DEBUG] cheese - login => username:admin,password:123456
[2021-08-23T16:19:24.918] [DEBUG] cheese - admin
[2021-08-23T16:19:24.922] [DEBUG] cheese - null
[2021-08-23T16:19:24.922] [DEBUG] cheese - null
[2021-08-23T22:05:43.235] [DEBUG] cheese - login => username:admin,password:123456
[2021-08-23T22:05:43.238] [DEBUG] cheese - admin
[2021-08-23T22:05:43.250] [DEBUG] cheese - null
[2021-08-23T22:05:43.251] [DEBUG] cheese - null
[2021-08-24T12:54:55.232] [DEBUG] cheese - login => username:admin,password:123456
[2021-08-24T12:54:55.233] [DEBUG] cheese - admin
[2021-08-24T12:54:55.261] [DEBUG] cheese - null
[2021-08-24T12:54:55.261] [DEBUG] cheese - null
[2021-08-24T13:09:15.421] [DEBUG] cheese - login => username:admin,password:123456
[2021-08-24T13:09:15.422] [DEBUG] cheese - admin
[2021-08-24T13:09:15.427] [DEBUG] cheese - null
[2021-08-24T13:09:15.428] [DEBUG] cheese - null
[2021-08-24T13:26:55.757] [DEBUG] cheese - login => username:admin,password:123456
[2021-08-24T13:26:55.758] [DEBUG] cheese - admin
[2021-08-24T13:26:55.761] [DEBUG] cheese - null
[2021-08-24T13:26:55.761] [DEBUG] cheese - null
[2021-08-24T14:26:59.140] [DEBUG] cheese - login => username:admin,password:123456
[2021-08-24T14:26:59.140] [DEBUG] cheese - admin
[2021-08-24T14:26:59.142] [DEBUG] cheese - null
[2021-08-24T14:26:59.142] [DEBUG] cheese - null
